<?xml version="1.0" encoding="UTF-8"?>
<testsuite name="edu.eci.ieti.tasks.TasksApplicationTests" tests="1" skipped="0" failures="0" errors="0" timestamp="2022-03-11T01:26:24" hostname="DESKTOP-1S288UM" time="0.63">
  <properties/>
  <testcase name="contextLoads()" classname="edu.eci.ieti.tasks.TasksApplicationTests" time="0.63"/>
  <system-out><![CDATA[20:26:19.696 [Test worker] DEBUG org.springframework.test.context.BootstrapUtils - Instantiating CacheAwareContextLoaderDelegate from class [org.springframework.test.context.cache.DefaultCacheAwareContextLoaderDelegate]
20:26:19.708 [Test worker] DEBUG org.springframework.test.context.BootstrapUtils - Instantiating BootstrapContext using constructor [public org.springframework.test.context.support.DefaultBootstrapContext(java.lang.Class,org.springframework.test.context.CacheAwareContextLoaderDelegate)]
20:26:19.746 [Test worker] DEBUG org.springframework.test.context.BootstrapUtils - Instantiating TestContextBootstrapper for test class [edu.eci.ieti.tasks.TasksApplicationTests] from class [org.springframework.boot.test.context.SpringBootTestContextBootstrapper]
20:26:19.761 [Test worker] INFO org.springframework.boot.test.context.SpringBootTestContextBootstrapper - Neither @ContextConfiguration nor @ContextHierarchy found for test class [edu.eci.ieti.tasks.TasksApplicationTests], using SpringBootContextLoader
20:26:19.767 [Test worker] DEBUG org.springframework.test.context.support.AbstractContextLoader - Did not detect default resource location for test class [edu.eci.ieti.tasks.TasksApplicationTests]: class path resource [edu/eci/ieti/tasks/TasksApplicationTests-context.xml] does not exist
20:26:19.768 [Test worker] DEBUG org.springframework.test.context.support.AbstractContextLoader - Did not detect default resource location for test class [edu.eci.ieti.tasks.TasksApplicationTests]: class path resource [edu/eci/ieti/tasks/TasksApplicationTestsContext.groovy] does not exist
20:26:19.768 [Test worker] INFO org.springframework.test.context.support.AbstractContextLoader - Could not detect default resource locations for test class [edu.eci.ieti.tasks.TasksApplicationTests]: no resource found for suffixes {-context.xml, Context.groovy}.
20:26:19.769 [Test worker] INFO org.springframework.test.context.support.AnnotationConfigContextLoaderUtils - Could not detect default configuration classes for test class [edu.eci.ieti.tasks.TasksApplicationTests]: TasksApplicationTests does not declare any static, non-private, non-final, nested classes annotated with @Configuration.
20:26:19.831 [Test worker] DEBUG org.springframework.test.context.support.ActiveProfilesUtils - Could not find an 'annotation declaring class' for annotation type [org.springframework.test.context.ActiveProfiles] and class [edu.eci.ieti.tasks.TasksApplicationTests]
20:26:19.930 [Test worker] DEBUG org.springframework.context.annotation.ClassPathScanningCandidateComponentProvider - Identified candidate component class: file [D:\Santiago\IETI\lab\IETI---Taskplanner-tasks\build\classes\java\main\edu\eci\ieti\TasksApplication.class]
20:26:19.933 [Test worker] INFO org.springframework.boot.test.context.SpringBootTestContextBootstrapper - Found @SpringBootConfiguration edu.eci.ieti.TasksApplication for test class edu.eci.ieti.tasks.TasksApplicationTests
20:26:20.074 [Test worker] DEBUG org.springframework.boot.test.context.SpringBootTestContextBootstrapper - @TestExecutionListeners is not present for class [edu.eci.ieti.tasks.TasksApplicationTests]: using defaults.
20:26:20.075 [Test worker] INFO org.springframework.boot.test.context.SpringBootTestContextBootstrapper - Loaded default TestExecutionListener class names from location [META-INF/spring.factories]: [org.springframework.boot.test.autoconfigure.restdocs.RestDocsTestExecutionListener, org.springframework.boot.test.autoconfigure.web.client.MockRestServiceServerResetTestExecutionListener, org.springframework.boot.test.autoconfigure.web.servlet.MockMvcPrintOnlyOnFailureTestExecutionListener, org.springframework.boot.test.autoconfigure.web.servlet.WebDriverTestExecutionListener, org.springframework.boot.test.autoconfigure.webservices.client.MockWebServiceServerTestExecutionListener, org.springframework.boot.test.mock.mockito.MockitoTestExecutionListener, org.springframework.boot.test.mock.mockito.ResetMocksTestExecutionListener, org.springframework.test.context.web.ServletTestExecutionListener, org.springframework.test.context.support.DirtiesContextBeforeModesTestExecutionListener, org.springframework.test.context.event.ApplicationEventsTestExecutionListener, org.springframework.test.context.support.DependencyInjectionTestExecutionListener, org.springframework.test.context.support.DirtiesContextTestExecutionListener, org.springframework.test.context.transaction.TransactionalTestExecutionListener, org.springframework.test.context.jdbc.SqlScriptsTestExecutionListener, org.springframework.test.context.event.EventPublishingTestExecutionListener]
20:26:20.105 [Test worker] INFO org.springframework.boot.test.context.SpringBootTestContextBootstrapper - Using TestExecutionListeners: [org.springframework.test.context.web.ServletTestExecutionListener@44e3760b, org.springframework.test.context.support.DirtiesContextBeforeModesTestExecutionListener@6a66a204, org.springframework.test.context.event.ApplicationEventsTestExecutionListener@5860f3d7, org.springframework.boot.test.mock.mockito.MockitoTestExecutionListener@1d7f7be7, org.springframework.boot.test.autoconfigure.SpringBootDependencyInjectionTestExecutionListener@42f3156d, org.springframework.test.context.support.DirtiesContextTestExecutionListener@1ddae9b5, org.springframework.test.context.transaction.TransactionalTestExecutionListener@427b5f92, org.springframework.test.context.jdbc.SqlScriptsTestExecutionListener@24bdb479, org.springframework.test.context.event.EventPublishingTestExecutionListener@7e3f95fe, org.springframework.boot.test.autoconfigure.restdocs.RestDocsTestExecutionListener@34625ccd, org.springframework.boot.test.autoconfigure.web.client.MockRestServiceServerResetTestExecutionListener@2c7d121c, org.springframework.boot.test.autoconfigure.web.servlet.MockMvcPrintOnlyOnFailureTestExecutionListener@65aa6596, org.springframework.boot.test.autoconfigure.web.servlet.WebDriverTestExecutionListener@67389cb8, org.springframework.boot.test.autoconfigure.webservices.client.MockWebServiceServerTestExecutionListener@419a20a6, org.springframework.boot.test.mock.mockito.ResetMocksTestExecutionListener@533377b]
20:26:20.112 [Test worker] DEBUG org.springframework.test.context.support.AbstractDirtiesContextTestExecutionListener - Before test class: context [DefaultTestContext@7db82169 testClass = TasksApplicationTests, testInstance = [null], testMethod = [null], testException = [null], mergedContextConfiguration = [WebMergedContextConfiguration@1992eaf4 testClass = TasksApplicationTests, locations = '{}', classes = '{class edu.eci.ieti.TasksApplication}', contextInitializerClasses = '[]', activeProfiles = '{}', propertySourceLocations = '{}', propertySourceProperties = '{org.springframework.boot.test.context.SpringBootTestContextBootstrapper=true}', contextCustomizers = set[org.springframework.boot.test.autoconfigure.actuate.metrics.MetricsExportContextCustomizerFactory$DisableMetricExportContextCustomizer@64c63c79, org.springframework.boot.test.autoconfigure.properties.PropertyMappingContextCustomizer@0, org.springframework.boot.test.autoconfigure.web.servlet.WebDriverContextCustomizerFactory$Customizer@21fd5faa, org.springframework.boot.test.context.filter.ExcludeFilterContextCustomizer@3fc9504b, org.springframework.boot.test.json.DuplicateJsonObjectContextCustomizerFactory$DuplicateJsonObjectContextCustomizer@7e4204e2, org.springframework.boot.test.mock.mockito.MockitoContextCustomizer@0, org.springframework.boot.test.web.client.TestRestTemplateContextCustomizer@6ed3f258, org.springframework.boot.test.context.SpringBootTestArgs@1, org.springframework.boot.test.context.SpringBootTestWebEnvironment@696da30b], resourceBasePath = 'src/main/webapp', contextLoader = 'org.springframework.boot.test.context.SpringBootContextLoader', parent = [null]], attributes = map['org.springframework.test.context.web.ServletTestExecutionListener.activateListener' -> true]], class annotated with @DirtiesContext [false] with mode [null].

  .   ____          _            __ _ _
 /\\ / ___'_ __ _ _(_)_ __  __ _ \ \ \ \
( ( )\___ | '_ | '_| | '_ \/ _` | \ \ \ \
 \\/  ___)| |_)| | | | | || (_| |  ) ) ) )
  '  |____| .__|_| |_|_| |_\__, | / / / /
 =========|_|==============|___/=/_/_/_/
 :: Spring Boot ::                (v2.6.3)

2022-03-10 20:26:20.545  INFO 13044 --- [    Test worker] e.eci.ieti.tasks.TasksApplicationTests   : Starting TasksApplicationTests using Java 17.0.2 on DESKTOP-1S288UM with PID 13044 (started by rsant in D:\Santiago\IETI\lab\IETI---Taskplanner-tasks)
2022-03-10 20:26:20.547  INFO 13044 --- [    Test worker] e.eci.ieti.tasks.TasksApplicationTests   : No active profile set, falling back to default profiles: default
2022-03-10 20:26:21.291  INFO 13044 --- [    Test worker] .s.d.r.c.RepositoryConfigurationDelegate : Bootstrapping Spring Data MongoDB repositories in DEFAULT mode.
2022-03-10 20:26:21.357  INFO 13044 --- [    Test worker] .s.d.r.c.RepositoryConfigurationDelegate : Finished Spring Data repository scanning in 60 ms. Found 1 MongoDB repository interfaces.
2022-03-10 20:26:22.267  INFO 13044 --- [    Test worker] org.mongodb.driver.cluster               : Cluster created with settings {hosts=[127.0.0.1:27017], srvHost=ieti1.eapj8.mongodb.net, mode=MULTIPLE, requiredClusterType=REPLICA_SET, serverSelectionTimeout='30000 ms', requiredReplicaSetName='atlas-12y5lh-shard-0'}
2022-03-10 20:26:22.490  INFO 13044 --- [pj8.mongodb.net] org.mongodb.driver.cluster               : Adding discovered server ieti1-shard-00-01.eapj8.mongodb.net:27017 to client view of cluster
2022-03-10 20:26:22.559  INFO 13044 --- [pj8.mongodb.net] org.mongodb.driver.cluster               : Adding discovered server ieti1-shard-00-02.eapj8.mongodb.net:27017 to client view of cluster
2022-03-10 20:26:22.560  INFO 13044 --- [pj8.mongodb.net] org.mongodb.driver.cluster               : Adding discovered server ieti1-shard-00-00.eapj8.mongodb.net:27017 to client view of cluster
2022-03-10 20:26:22.953  INFO 13044 --- [    Test worker] .s.s.UserDetailsServiceAutoConfiguration : 

Using generated security password: c62d9755-ac7f-400d-93a1-f637cb8d4697

2022-03-10 20:26:23.467  INFO 13044 --- [ngodb.net:27017] org.mongodb.driver.connection            : Opened connection [connectionId{localValue:1, serverValue:290984}] to ieti1-shard-00-01.eapj8.mongodb.net:27017
2022-03-10 20:26:23.467  INFO 13044 --- [ngodb.net:27017] org.mongodb.driver.connection            : Opened connection [connectionId{localValue:5, serverValue:290990}] to ieti1-shard-00-01.eapj8.mongodb.net:27017
2022-03-10 20:26:23.467  INFO 13044 --- [ngodb.net:27017] org.mongodb.driver.connection            : Opened connection [connectionId{localValue:3, serverValue:287658}] to ieti1-shard-00-02.eapj8.mongodb.net:27017
2022-03-10 20:26:23.467  INFO 13044 --- [ngodb.net:27017] org.mongodb.driver.connection            : Opened connection [connectionId{localValue:6, serverValue:288491}] to ieti1-shard-00-00.eapj8.mongodb.net:27017
2022-03-10 20:26:23.467  INFO 13044 --- [ngodb.net:27017] org.mongodb.driver.connection            : Opened connection [connectionId{localValue:2, serverValue:287658}] to ieti1-shard-00-02.eapj8.mongodb.net:27017
2022-03-10 20:26:23.467  INFO 13044 --- [ngodb.net:27017] org.mongodb.driver.connection            : Opened connection [connectionId{localValue:4, serverValue:288491}] to ieti1-shard-00-00.eapj8.mongodb.net:27017
2022-03-10 20:26:23.481  INFO 13044 --- [ngodb.net:27017] org.mongodb.driver.cluster               : Monitor thread successfully connected to server with description ServerDescription{address=ieti1-shard-00-01.eapj8.mongodb.net:27017, type=REPLICA_SET_PRIMARY, state=CONNECTED, ok=true, minWireVersion=0, maxWireVersion=13, maxDocumentSize=16777216, logicalSessionTimeoutMinutes=30, roundTripTimeNanos=433494400, setName='atlas-12y5lh-shard-0', canonicalAddress=ieti1-shard-00-01.eapj8.mongodb.net:27017, hosts=[ieti1-shard-00-02.eapj8.mongodb.net:27017, ieti1-shard-00-01.eapj8.mongodb.net:27017, ieti1-shard-00-00.eapj8.mongodb.net:27017], passives=[], arbiters=[], primary='ieti1-shard-00-01.eapj8.mongodb.net:27017', tagSet=TagSet{[Tag{name='nodeType', value='ELECTABLE'}, Tag{name='provider', value='AWS'}, Tag{name='region', value='US_EAST_1'}, Tag{name='workloadType', value='OPERATIONAL'}]}, electionId=7fffffff000000000000007a, setVersion=11, topologyVersion=TopologyVersion{processId=6226ffb381a622115a318969, counter=6}, lastWriteDate=Thu Mar 10 20:26:22 COT 2022, lastUpdateTimeNanos=278381816281599}
2022-03-10 20:26:23.481  INFO 13044 --- [ngodb.net:27017] org.mongodb.driver.cluster               : Monitor thread successfully connected to server with description ServerDescription{address=ieti1-shard-00-02.eapj8.mongodb.net:27017, type=REPLICA_SET_SECONDARY, state=CONNECTED, ok=true, minWireVersion=0, maxWireVersion=13, maxDocumentSize=16777216, logicalSessionTimeoutMinutes=30, roundTripTimeNanos=432462700, setName='atlas-12y5lh-shard-0', canonicalAddress=ieti1-shard-00-02.eapj8.mongodb.net:27017, hosts=[ieti1-shard-00-02.eapj8.mongodb.net:27017, ieti1-shard-00-01.eapj8.mongodb.net:27017, ieti1-shard-00-00.eapj8.mongodb.net:27017], passives=[], arbiters=[], primary='ieti1-shard-00-01.eapj8.mongodb.net:27017', tagSet=TagSet{[Tag{name='nodeType', value='ELECTABLE'}, Tag{name='provider', value='AWS'}, Tag{name='region', value='US_EAST_1'}, Tag{name='workloadType', value='OPERATIONAL'}]}, electionId=null, setVersion=11, topologyVersion=TopologyVersion{processId=622700e9cef0ec815a427a9f, counter=3}, lastWriteDate=Thu Mar 10 20:26:22 COT 2022, lastUpdateTimeNanos=278381816081399}
2022-03-10 20:26:23.482  INFO 13044 --- [ngodb.net:27017] org.mongodb.driver.cluster               : Monitor thread successfully connected to server with description ServerDescription{address=ieti1-shard-00-00.eapj8.mongodb.net:27017, type=REPLICA_SET_SECONDARY, state=CONNECTED, ok=true, minWireVersion=0, maxWireVersion=13, maxDocumentSize=16777216, logicalSessionTimeoutMinutes=30, roundTripTimeNanos=442642201, setName='atlas-12y5lh-shard-0', canonicalAddress=ieti1-shard-00-00.eapj8.mongodb.net:27017, hosts=[ieti1-shard-00-02.eapj8.mongodb.net:27017, ieti1-shard-00-01.eapj8.mongodb.net:27017, ieti1-shard-00-00.eapj8.mongodb.net:27017], passives=[], arbiters=[], primary='ieti1-shard-00-01.eapj8.mongodb.net:27017', tagSet=TagSet{[Tag{name='nodeType', value='ELECTABLE'}, Tag{name='provider', value='AWS'}, Tag{name='region', value='US_EAST_1'}, Tag{name='workloadType', value='OPERATIONAL'}]}, electionId=null, setVersion=11, topologyVersion=TopologyVersion{processId=6226fe6df2678cb1e56a3765, counter=4}, lastWriteDate=Thu Mar 10 20:26:22 COT 2022, lastUpdateTimeNanos=278381816288599}
2022-03-10 20:26:23.487  INFO 13044 --- [ngodb.net:27017] org.mongodb.driver.cluster               : Setting max election id to 7fffffff000000000000007a from replica set primary ieti1-shard-00-01.eapj8.mongodb.net:27017
2022-03-10 20:26:23.487  INFO 13044 --- [ngodb.net:27017] org.mongodb.driver.cluster               : Setting max set version to 11 from replica set primary ieti1-shard-00-01.eapj8.mongodb.net:27017
2022-03-10 20:26:23.488  INFO 13044 --- [ngodb.net:27017] org.mongodb.driver.cluster               : Discovered replica set primary ieti1-shard-00-01.eapj8.mongodb.net:27017
2022-03-10 20:26:23.608  INFO 13044 --- [    Test worker] o.s.s.web.DefaultSecurityFilterChain     : Will secure any request with [org.springframework.security.web.context.request.async.WebAsyncManagerIntegrationFilter@49653791, org.springframework.security.web.context.SecurityContextPersistenceFilter@6169be09, org.springframework.security.web.header.HeaderWriterFilter@5fdd97c1, org.springframework.web.filter.CorsFilter@45b7c97f, org.springframework.security.web.authentication.logout.LogoutFilter@203e705e, org.springframework.security.web.savedrequest.RequestCacheAwareFilter@325162e9, org.springframework.security.web.servletapi.SecurityContextHolderAwareRequestFilter@7741ae1b, org.springframework.security.web.authentication.AnonymousAuthenticationFilter@c212536, org.springframework.security.web.session.SessionManagementFilter@1291aab5, org.springframework.security.web.access.ExceptionTranslationFilter@cbf1997, org.springframework.security.web.access.intercept.FilterSecurityInterceptor@3ca17943]
2022-03-10 20:26:24.378  INFO 13044 --- [    Test worker] e.eci.ieti.tasks.TasksApplicationTests   : Started TasksApplicationTests in 4.213 seconds (JVM running for 5.819)
]]></system-out>
  <system-err><![CDATA[]]></system-err>
</testsuite>
